# JRE version: OpenJDK Runtime Environment (11.0.11+9) (build 11.0.11+9-b60-7590822)
# Java VM: OpenJDK 64-Bit Server VM (11.0.11+9-b60-7590822, mixed mode, tiered, compressed oops, g1 gc, windows-amd64)
Heap:
 garbage-first heap   total 227328K, used 188932K [0x0000000080000000, 0x0000000100000000)
  region size 1024K, 45 young (46080K), 1 survivors (1024K)
 Metaspace       used 129448K, capacity 133572K, committed 133956K, reserved 1165312K
  class space    used 16347K, capacity 17786K, committed 17916K, reserved 1048576K
GC Heap History (20 events):
Event: 4893.934 GC heap before
{Heap before GC invocations=64 (full 0):
 garbage-first heap   total 227328K, used 149972K [0x0000000080000000, 0x0000000100000000)
  region size 1024K, 11 young (11264K), 7 survivors (7168K)
 Metaspace       used 127051K, capacity 130978K, committed 131268K, reserved 1163264K
  class space    used 16103K, capacity 17470K, committed 17532K, reserved 1048576K
}
Event: 4893.952 GC heap after
{Heap after GC invocations=65 (full 0):
 garbage-first heap   total 227328K, used 145614K [0x0000000080000000, 0x0000000100000000)
  region size 1024K, 2 young (2048K), 2 survivors (2048K)
 Metaspace       used 127051K, capacity 130978K, committed 131268K, reserved 1163264K
  class space    used 16103K, capacity 17470K, committed 17532K, reserved 1048576K
}
Event: 4895.527 GC heap before
{Heap before GC invocations=65 (full 0):
 garbage-first heap   total 227328K, used 187598K [0x0000000080000000, 0x0000000100000000)
  region size 1024K, 44 young (45056K), 2 survivors (2048K)
 Metaspace       used 127336K, capacity 131293K, committed 131652K, reserved 1163264K
  class space    used 16145K, capacity 17547K, committed 17660K, reserved 1048576K
}
Event: 4895.539 GC heap after
{Heap after GC invocations=66 (full 0):
 garbage-first heap   total 227328K, used 150312K [0x0000000080000000, 0x0000000100000000)
  region size 1024K, 6 young (6144K), 6 survivors (6144K)
 Metaspace       used 127336K, capacity 131293K, committed 131652K, reserved 1163264K
  class space    used 16145K, capacity 17547K, committed 17660K, reserved 1048576K
}
Event: 5067.008 GC heap before
{Heap before GC invocations=67 (full 0):
 garbage-first heap   total 227328K, used 189224K [0x0000000080000000, 0x0000000100000000)
  region size 1024K, 45 young (46080K), 6 survivors (6144K)
 Metaspace       used 127370K, capacity 131175K, committed 131652K, reserved 1163264K
  class space    used 16129K, capacity 17503K, committed 17660K, reserved 1048576K
}
Event: 5067.018 GC heap after
{Heap after GC invocations=68 (full 0):
 garbage-first heap   total 227328K, used 152871K [0x0000000080000000, 0x0000000100000000)
  region size 1024K, 3 young (3072K), 3 survivors (3072K)
 Metaspace       used 127370K, capacity 131175K, committed 131652K, reserved 1163264K
  class space    used 16129K, capacity 17503K, committed 17660K, reserved 1048576K
}
Event: 5473.008 GC heap before
{Heap before GC invocations=68 (full 0):
 garbage-first heap   total 227328K, used 160039K [0x0000000080000000, 0x0000000100000000)
  region size 1024K, 11 young (11264K), 3 survivors (3072K)
 Metaspace       used 127379K, capacity 131177K, committed 131652K, reserved 1163264K
  class space    used 16130K, capacity 17504K, committed 17660K, reserved 1048576K
}
Event: 5473.035 GC heap after
{Heap after GC invocations=69 (full 0):
 garbage-first heap   total 227328K, used 141332K [0x0000000080000000, 0x0000000100000000)
  region size 1024K, 1 young (1024K), 1 survivors (1024K)
 Metaspace       used 127379K, capacity 131177K, committed 131652K, reserved 1163264K
  class space    used 16130K, capacity 17504K, committed 17660K, reserved 1048576K
}
Event: 5563.558 GC heap before
{Heap before GC invocations=69 (full 0):
 garbage-first heap   total 227328K, used 185364K [0x0000000080000000, 0x0000000100000000)
  region size 1024K, 45 young (46080K), 1 survivors (1024K)
 Metaspace       used 127634K, capacity 131494K, committed 131652K, reserved 1163264K
  class space    used 16164K, capacity 17543K, committed 17660K, reserved 1048576K
}
Event: 5563.575 GC heap after
{Heap after GC invocations=70 (full 0):
 garbage-first heap   total 227328K, used 143925K [0x0000000080000000, 0x0000000100000000)
  region size 1024K, 4 young (4096K), 4 survivors (4096K)
 Metaspace       used 127634K, capacity 131494K, committed 131652K, reserved 1163264K
  class space    used 16164K, capacity 17543K, committed 17660K, reserved 1048576K
}
Event: 5564.212 GC heap before
{Heap before GC invocations=71 (full 0):
 garbage-first heap   total 227328K, used 186933K [0x0000000080000000, 0x0000000100000000)
  region size 1024K, 47 young (48128K), 4 survivors (4096K)
 Metaspace       used 127849K, capacity 132004K, committed 132164K, reserved 1163264K
  class space    used 16183K, capacity 17579K, committed 17660K, reserved 1048576K
}
Event: 5564.224 GC heap after
{Heap after GC invocations=72 (full 0):
 garbage-first heap   total 227328K, used 150493K [0x0000000080000000, 0x0000000100000000)
  region size 1024K, 6 young (6144K), 6 survivors (6144K)
 Metaspace       used 127849K, capacity 132004K, committed 132164K, reserved 1163264K
  class space    used 16183K, capacity 17579K, committed 17660K, reserved 1048576K
}
Event: 5564.435 GC heap before
{Heap before GC invocations=72 (full 0):
 garbage-first heap   total 227328K, used 155613K [0x0000000080000000, 0x0000000100000000)
  region size 1024K, 11 young (11264K), 6 survivors (6144K)
 Metaspace       used 128025K, capacity 132150K, committed 132420K, reserved 1165312K
  class space    used 16194K, capacity 17584K, committed 17660K, reserved 1048576K
}
Event: 5564.457 GC heap after
{Heap after GC invocations=73 (full 0):
 garbage-first heap   total 227328K, used 140703K [0x0000000080000000, 0x0000000100000000)
  region size 1024K, 2 young (2048K), 2 survivors (2048K)
 Metaspace       used 128025K, capacity 132150K, committed 132420K, reserved 1165312K
  class space    used 16194K, capacity 17584K, committed 17660K, reserved 1048576K
}
Event: 5565.438 GC heap before
{Heap before GC invocations=73 (full 0):
 garbage-first heap   total 227328K, used 185759K [0x0000000080000000, 0x0000000100000000)
  region size 1024K, 46 young (47104K), 2 survivors (2048K)
 Metaspace       used 128877K, capacity 133000K, committed 133316K, reserved 1165312K
  class space    used 16295K, capacity 17714K, committed 17788K, reserved 1048576K
}
Event: 5565.452 GC heap after
{Heap after GC invocations=74 (full 0):
 garbage-first heap   total 227328K, used 144025K [0x0000000080000000, 0x0000000100000000)
  region size 1024K, 5 young (5120K), 5 survivors (5120K)
 Metaspace       used 128877K, capacity 133000K, committed 133316K, reserved 1165312K
  class space    used 16295K, capacity 17714K, committed 17788K, reserved 1048576K
}
Event: 6816.013 GC heap before
{Heap before GC invocations=75 (full 0):
 garbage-first heap   total 227328K, used 188057K [0x0000000080000000, 0x0000000100000000)
  region size 1024K, 48 young (49152K), 5 survivors (5120K)
 Metaspace       used 129408K, capacity 133472K, committed 133700K, reserved 1165312K
  class space    used 16343K, capacity 17778K, committed 17916K, reserved 1048576K
}
Event: 6816.020 GC heap after
{Heap after GC invocations=76 (full 0):
 garbage-first heap   total 227328K, used 144935K [0x0000000080000000, 0x0000000100000000)
  region size 1024K, 2 young (2048K), 2 survivors (2048K)
 Metaspace       used 129408K, capacity 133472K, committed 133700K, reserved 1165312K
  class space    used 16343K, capacity 17778K, committed 17916K, reserved 1048576K
}
Event: 7310.015 GC heap before
{Heap before GC invocations=76 (full 0):
 garbage-first heap   total 227328K, used 154151K [0x0000000080000000, 0x0000000100000000)
  region size 1024K, 11 young (11264K), 2 survivors (2048K)
 Metaspace       used 129408K, capacity 133472K, committed 133700K, reserved 1165312K
  class space    used 16343K, capacity 17778K, committed 17916K, reserved 1048576K
}
Event: 7310.020 GC heap after
{Heap after GC invocations=77 (full 0):
 garbage-first heap   total 227328K, used 144900K [0x0000000080000000, 0x0000000100000000)
  region size 1024K, 1 young (1024K), 1 survivors (1024K)
 Metaspace       used 129408K, capacity 133472K, committed 133700K, reserved 1165312K
  class space    used 16343K, capacity 17778K, committed 17916K, reserved 1048576K
}

